2017-04-20 19:48:48.600  INFO 12524 --- [main] fb.ApplicationFB                         : Starting ApplicationFB on EPUAKYIW1236 with PID 12524 (C:\Users\Illya_Ivanina\workspace\SpringSocialLoginFBownTest\target\classes started by Illya_Ivanina in C:\Users\Illya_Ivanina\workspace\SpringSocialLoginFBownTest)
2017-04-20 19:48:48.604  INFO 12524 --- [main] fb.ApplicationFB                         : No active profile set, falling back to default profiles: default
2017-04-20 19:48:48.668  INFO 12524 --- [main] ationConfigEmbeddedWebApplicationContext : Refreshing org.springframework.boot.context.embedded.AnnotationConfigEmbeddedWebApplicationContext@730d2164: startup date [Thu Apr 20 19:48:48 EEST 2017]; root of context hierarchy
2017-04-20 19:49:40.311  INFO 16836 --- [main] social.ApplicationSocial                 : Starting ApplicationSocial on EPUAKYIW1236 with PID 16836 (C:\Users\Illya_Ivanina\workspace\SpringSocialLoginFBownTest\target\classes started by Illya_Ivanina in C:\Users\Illya_Ivanina\workspace\SpringSocialLoginFBownTest)
2017-04-20 19:49:40.314  INFO 16836 --- [main] social.ApplicationSocial                 : No active profile set, falling back to default profiles: default
2017-04-20 19:49:40.391  INFO 16836 --- [main] ationConfigEmbeddedWebApplicationContext : Refreshing org.springframework.boot.context.embedded.AnnotationConfigEmbeddedWebApplicationContext@1a5a4e19: startup date [Thu Apr 20 19:49:40 EEST 2017]; root of context hierarchy
2017-04-20 19:49:41.269  INFO 16836 --- [main] .s.d.r.c.RepositoryConfigurationDelegate : Multiple Spring Data modules found, entering strict repository configuration mode!
2017-04-20 19:49:41.325  INFO 16836 --- [main] .s.d.r.c.RepositoryConfigurationDelegate : Multiple Spring Data modules found, entering strict repository configuration mode!
2017-04-20 19:49:41.454  INFO 16836 --- [main] o.s.b.f.s.DefaultListableBeanFactory     : Overriding bean definition for bean 'transactionManager' with a different definition: replacing [Root bean: class [null]; scope=; abstract=false; lazyInit=false; autowireMode=3; dependencyCheck=0; autowireCandidate=true; primary=false; factoryBeanName=org.springframework.boot.autoconfigure.orm.jpa.HibernateJpaAutoConfiguration; factoryMethodName=transactionManager; initMethodName=null; destroyMethodName=(inferred); defined in class path resource [org/springframework/boot/autoconfigure/orm/jpa/HibernateJpaAutoConfiguration.class]] with [Root bean: class [null]; scope=; abstract=false; lazyInit=false; autowireMode=3; dependencyCheck=0; autowireCandidate=true; primary=false; factoryBeanName=org.springframework.boot.autoconfigure.data.neo4j.Neo4jDataAutoConfiguration$SpringBootNeo4jConfiguration; factoryMethodName=transactionManager; initMethodName=null; destroyMethodName=(inferred); defined in class path resource [org/springframework/boot/autoconfigure/data/neo4j/Neo4jDataAutoConfiguration$SpringBootNeo4jConfiguration.class]]
2017-04-20 19:49:41.455  INFO 16836 --- [main] o.s.b.f.s.DefaultListableBeanFactory     : Overriding bean definition for bean 'persistenceExceptionTranslationPostProcessor' with a different definition: replacing [Root bean: class [org.springframework.boot.autoconfigure.dao.PersistenceExceptionTranslationAutoConfiguration]; scope=; abstract=false; lazyInit=false; autowireMode=3; dependencyCheck=0; autowireCandidate=true; primary=false; factoryBeanName=null; factoryMethodName=persistenceExceptionTranslationPostProcessor; initMethodName=null; destroyMethodName=(inferred); defined in class path resource [org/springframework/boot/autoconfigure/dao/PersistenceExceptionTranslationAutoConfiguration.class]] with [Root bean: class [null]; scope=; abstract=false; lazyInit=false; autowireMode=3; dependencyCheck=0; autowireCandidate=true; primary=false; factoryBeanName=org.springframework.boot.autoconfigure.data.neo4j.Neo4jDataAutoConfiguration$SpringBootNeo4jConfiguration; factoryMethodName=persistenceExceptionTranslationPostProcessor; initMethodName=null; destroyMethodName=(inferred); defined in class path resource [org/springframework/boot/autoconfigure/data/neo4j/Neo4jDataAutoConfiguration$SpringBootNeo4jConfiguration.class]]
2017-04-20 19:49:41.719  INFO 16836 --- [main] f.a.AutowiredAnnotationBeanPostProcessor : JSR-330 'javax.inject.Inject' annotation found and supported for autowiring
2017-04-20 19:49:41.927  INFO 16836 --- [main] trationDelegate$BeanPostProcessorChecker : Bean 'spring.data.neo4j-org.springframework.boot.autoconfigure.data.neo4j.Neo4jProperties' of type [class org.springframework.boot.autoconfigure.data.neo4j.Neo4jProperties] is not eligible for getting processed by all BeanPostProcessors (for example: not eligible for auto-proxying)
2017-04-20 19:49:41.933  INFO 16836 --- [main] trationDelegate$BeanPostProcessorChecker : Bean 'org.springframework.boot.autoconfigure.data.neo4j.Neo4jDataAutoConfiguration' of type [class org.springframework.boot.autoconfigure.data.neo4j.Neo4jDataAutoConfiguration$$EnhancerBySpringCGLIB$$4a8bf7e4] is not eligible for getting processed by all BeanPostProcessors (for example: not eligible for auto-proxying)
2017-04-20 19:49:41.943  INFO 16836 --- [main] trationDelegate$BeanPostProcessorChecker : Bean 'configuration' of type [class org.neo4j.ogm.config.Configuration] is not eligible for getting processed by all BeanPostProcessors (for example: not eligible for auto-proxying)
2017-04-20 19:49:41.949  INFO 16836 --- [main] trationDelegate$BeanPostProcessorChecker : Bean 'org.springframework.boot.autoconfigure.data.neo4j.Neo4jDataAutoConfiguration$SpringBootNeo4jConfiguration' of type [class org.springframework.boot.autoconfigure.data.neo4j.Neo4jDataAutoConfiguration$SpringBootNeo4jConfiguration$$EnhancerBySpringCGLIB$$3800ce1] is not eligible for getting processed by all BeanPostProcessors (for example: not eligible for auto-proxying)
2017-04-20 19:49:41.949  INFO 16836 --- [main] o.s.d.neo4j.config.Neo4jConfiguration    : Initialising PersistenceExceptionTranslationPostProcessor
2017-04-20 19:49:41.986  INFO 16836 --- [main] trationDelegate$BeanPostProcessorChecker : Bean 'org.springframework.transaction.annotation.ProxyTransactionManagementConfiguration' of type [class org.springframework.transaction.annotation.ProxyTransactionManagementConfiguration$$EnhancerBySpringCGLIB$$76b1a4d8] is not eligible for getting processed by all BeanPostProcessors (for example: not eligible for auto-proxying)
2017-04-20 19:49:42.299  INFO 16836 --- [main] s.b.c.e.t.TomcatEmbeddedServletContainer : Tomcat initialized with port(s): 8080 (http)
2017-04-20 19:49:42.308  INFO 16836 --- [main] o.apache.catalina.core.StandardService   : Starting service Tomcat
2017-04-20 19:49:42.309  INFO 16836 --- [main] org.apache.catalina.core.StandardEngine  : Starting Servlet Engine: Apache Tomcat/8.5.6
2017-04-20 19:49:42.433  INFO 16836 --- [localhost-startStop-1] o.a.c.c.C.[Tomcat].[localhost].[/]       : Initializing Spring embedded WebApplicationContext
2017-04-20 19:49:42.433  INFO 16836 --- [localhost-startStop-1] o.s.web.context.ContextLoader            : Root WebApplicationContext: initialization completed in 2045 ms
2017-04-20 19:49:42.622  INFO 16836 --- [localhost-startStop-1] o.s.b.w.servlet.FilterRegistrationBean   : Mapping filter: 'characterEncodingFilter' to: [/*]
2017-04-20 19:49:42.623  INFO 16836 --- [localhost-startStop-1] o.s.b.w.servlet.FilterRegistrationBean   : Mapping filter: 'hiddenHttpMethodFilter' to: [/*]
2017-04-20 19:49:42.624  INFO 16836 --- [localhost-startStop-1] o.s.b.w.servlet.FilterRegistrationBean   : Mapping filter: 'httpPutFormContentFilter' to: [/*]
2017-04-20 19:49:42.624  INFO 16836 --- [localhost-startStop-1] o.s.b.w.servlet.FilterRegistrationBean   : Mapping filter: 'requestContextFilter' to: [/*]
2017-04-20 19:49:42.625  INFO 16836 --- [localhost-startStop-1] .s.DelegatingFilterProxyRegistrationBean : Mapping filter: 'springSecurityFilterChain' to: [/*]
2017-04-20 19:49:42.626  INFO 16836 --- [localhost-startStop-1] o.s.b.w.servlet.ServletRegistrationBean  : Mapping servlet: 'dispatcherServlet' to [/]
2017-04-20 19:49:42.959  INFO 16836 --- [main] j.LocalContainerEntityManagerFactoryBean : Building JPA container EntityManagerFactory for persistence unit 'default'
2017-04-20 19:49:42.970  INFO 16836 --- [main] o.hibernate.jpa.internal.util.LogHelper  : HHH000204: Processing PersistenceUnitInfo [
	name: default
	...]
2017-04-20 19:49:43.023  INFO 16836 --- [main] org.hibernate.Version                    : HHH000412: Hibernate Core {5.0.11.Final}
2017-04-20 19:49:43.025  INFO 16836 --- [main] org.hibernate.cfg.Environment            : HHH000206: hibernate.properties not found
2017-04-20 19:49:43.025  INFO 16836 --- [main] org.hibernate.cfg.Environment            : HHH000021: Bytecode provider name : javassist
2017-04-20 19:49:43.062  INFO 16836 --- [main] o.hibernate.annotations.common.Version   : HCANN000001: Hibernate Commons Annotations {5.0.1.Final}
2017-04-20 19:49:43.184  INFO 16836 --- [main] org.hibernate.dialect.Dialect            : HHH000400: Using dialect: org.hibernate.dialect.PostgreSQLDialect
2017-04-20 19:49:43.437  INFO 16836 --- [main] o.h.e.j.e.i.LobCreatorBuilderImpl        : HHH000424: Disabling contextual LOB creation as createClob() method threw error : java.lang.reflect.InvocationTargetException
2017-04-20 19:49:43.438  INFO 16836 --- [main] org.hibernate.type.BasicTypeRegistry     : HHH000270: Type registration [java.util.UUID] overrides previous : org.hibernate.type.UUIDBinaryType@40faff12
2017-04-20 19:49:43.536  WARN 16836 --- [main] org.hibernate.orm.deprecation            : HHH90000014: Found use of deprecated [org.hibernate.id.SequenceHiLoGenerator] sequence-based id generator; use org.hibernate.id.enhanced.SequenceStyleGenerator instead.  See Hibernate Domain Model Mapping Guide for details.
2017-04-20 19:49:43.824  INFO 16836 --- [main] j.LocalContainerEntityManagerFactoryBean : Initialized JPA EntityManagerFactory for persistence unit 'default'
2017-04-20 19:49:44.689  WARN 16836 --- [main] ationConfigEmbeddedWebApplicationContext : Exception encountered during context initialization - cancelling refresh attempt: org.springframework.beans.factory.BeanCreationException: Error creating bean with name 'dictionary' defined in class path resource [social/config/RecommenderConfiguration.class]: Bean instantiation via factory method failed; nested exception is org.springframework.beans.BeanInstantiationException: Failed to instantiate [java.util.Set]: Factory method 'dictionary' threw exception; nested exception is java.io.FileNotFoundException: class path resource [dictionary.txt] cannot be opened because it does not exist
2017-04-20 19:49:44.690  INFO 16836 --- [main] j.LocalContainerEntityManagerFactoryBean : Closing JPA EntityManagerFactory for persistence unit 'default'
2017-04-20 19:49:44.695  INFO 16836 --- [main] o.apache.catalina.core.StandardService   : Stopping service Tomcat
2017-04-20 19:49:44.704  WARN 16836 --- [main] o.s.boot.SpringApplication               : Error handling failed (Error creating bean with name 'delegatingApplicationListener' defined in org.springframework.security.config.annotation.web.configuration.WebSecurityConfiguration: BeanPostProcessor before instantiation of bean failed; nested exception is org.springframework.beans.factory.BeanCreationException: Error creating bean with name 'org.springframework.transaction.annotation.ProxyTransactionManagementConfiguration': Initialization of bean failed; nested exception is org.springframework.beans.factory.NoSuchBeanDefinitionException: No bean named 'org.springframework.context.annotation.ConfigurationClassPostProcessor.importRegistry' available)
2017-04-20 19:49:44.711 ERROR 16836 --- [main] o.s.boot.SpringApplication               : Application startup failed

org.springframework.beans.factory.BeanCreationException: Error creating bean with name 'dictionary' defined in class path resource [social/config/RecommenderConfiguration.class]: Bean instantiation via factory method failed; nested exception is org.springframework.beans.BeanInstantiationException: Failed to instantiate [java.util.Set]: Factory method 'dictionary' threw exception; nested exception is java.io.FileNotFoundException: class path resource [dictionary.txt] cannot be opened because it does not exist
	at org.springframework.beans.factory.support.ConstructorResolver.instantiateUsingFactoryMethod(ConstructorResolver.java:599) ~[spring-beans-4.3.5.RELEASE.jar:4.3.5.RELEASE]
	at org.springframework.beans.factory.support.AbstractAutowireCapableBeanFactory.instantiateUsingFactoryMethod(AbstractAutowireCapableBeanFactory.java:1134) ~[spring-beans-4.3.5.RELEASE.jar:4.3.5.RELEASE]
	at org.springframework.beans.factory.support.AbstractAutowireCapableBeanFactory.createBeanInstance(AbstractAutowireCapableBeanFactory.java:1028) ~[spring-beans-4.3.5.RELEASE.jar:4.3.5.RELEASE]
	at org.springframework.beans.factory.support.AbstractAutowireCapableBeanFactory.doCreateBean(AbstractAutowireCapableBeanFactory.java:513) ~[spring-beans-4.3.5.RELEASE.jar:4.3.5.RELEASE]
	at org.springframework.beans.factory.support.AbstractAutowireCapableBeanFactory.createBean(AbstractAutowireCapableBeanFactory.java:483) ~[spring-beans-4.3.5.RELEASE.jar:4.3.5.RELEASE]
	at org.springframework.beans.factory.support.AbstractBeanFactory$1.getObject(AbstractBeanFactory.java:306) ~[spring-beans-4.3.5.RELEASE.jar:4.3.5.RELEASE]
	at org.springframework.beans.factory.support.DefaultSingletonBeanRegistry.getSingleton(DefaultSingletonBeanRegistry.java:230) ~[spring-beans-4.3.5.RELEASE.jar:4.3.5.RELEASE]
	at org.springframework.beans.factory.support.AbstractBeanFactory.doGetBean(AbstractBeanFactory.java:302) ~[spring-beans-4.3.5.RELEASE.jar:4.3.5.RELEASE]
	at org.springframework.beans.factory.support.AbstractBeanFactory.getBean(AbstractBeanFactory.java:197) ~[spring-beans-4.3.5.RELEASE.jar:4.3.5.RELEASE]
	at org.springframework.beans.factory.support.DefaultListableBeanFactory.preInstantiateSingletons(DefaultListableBeanFactory.java:759) ~[spring-beans-4.3.5.RELEASE.jar:4.3.5.RELEASE]
	at org.springframework.context.support.AbstractApplicationContext.finishBeanFactoryInitialization(AbstractApplicationContext.java:866) ~[spring-context-4.3.5.RELEASE.jar:4.3.5.RELEASE]
	at org.springframework.context.support.AbstractApplicationContext.refresh(AbstractApplicationContext.java:542) ~[spring-context-4.3.5.RELEASE.jar:4.3.5.RELEASE]
	at org.springframework.boot.context.embedded.EmbeddedWebApplicationContext.refresh(EmbeddedWebApplicationContext.java:122) ~[spring-boot-1.4.3.RELEASE.jar:1.4.3.RELEASE]
	at org.springframework.boot.SpringApplication.refresh(SpringApplication.java:761) [spring-boot-1.4.3.RELEASE.jar:1.4.3.RELEASE]
	at org.springframework.boot.SpringApplication.refreshContext(SpringApplication.java:371) [spring-boot-1.4.3.RELEASE.jar:1.4.3.RELEASE]
	at org.springframework.boot.SpringApplication.run(SpringApplication.java:315) [spring-boot-1.4.3.RELEASE.jar:1.4.3.RELEASE]
	at org.springframework.boot.SpringApplication.run(SpringApplication.java:1186) [spring-boot-1.4.3.RELEASE.jar:1.4.3.RELEASE]
	at org.springframework.boot.SpringApplication.run(SpringApplication.java:1175) [spring-boot-1.4.3.RELEASE.jar:1.4.3.RELEASE]
	at social.ApplicationSocial.main(ApplicationSocial.java:36) [classes/:na]
Caused by: org.springframework.beans.BeanInstantiationException: Failed to instantiate [java.util.Set]: Factory method 'dictionary' threw exception; nested exception is java.io.FileNotFoundException: class path resource [dictionary.txt] cannot be opened because it does not exist
	at org.springframework.beans.factory.support.SimpleInstantiationStrategy.instantiate(SimpleInstantiationStrategy.java:189) ~[spring-beans-4.3.5.RELEASE.jar:4.3.5.RELEASE]
	at org.springframework.beans.factory.support.ConstructorResolver.instantiateUsingFactoryMethod(ConstructorResolver.java:588) ~[spring-beans-4.3.5.RELEASE.jar:4.3.5.RELEASE]
	... 18 common frames omitted
Caused by: java.io.FileNotFoundException: class path resource [dictionary.txt] cannot be opened because it does not exist
	at org.springframework.core.io.ClassPathResource.getInputStream(ClassPathResource.java:172) ~[spring-core-4.3.5.RELEASE.jar:4.3.5.RELEASE]
	at social.config.RecommenderConfiguration.dictionary(RecommenderConfiguration.java:58) ~[classes/:na]
	at social.config.RecommenderConfiguration$$EnhancerBySpringCGLIB$$e773d315.CGLIB$dictionary$6(<generated>) ~[classes/:na]
	at social.config.RecommenderConfiguration$$EnhancerBySpringCGLIB$$e773d315$$FastClassBySpringCGLIB$$ceda31e2.invoke(<generated>) ~[classes/:na]
	at org.springframework.cglib.proxy.MethodProxy.invokeSuper(MethodProxy.java:228) ~[spring-core-4.3.5.RELEASE.jar:4.3.5.RELEASE]
	at org.springframework.context.annotation.ConfigurationClassEnhancer$BeanMethodInterceptor.intercept(ConfigurationClassEnhancer.java:356) ~[spring-context-4.3.5.RELEASE.jar:4.3.5.RELEASE]
	at social.config.RecommenderConfiguration$$EnhancerBySpringCGLIB$$e773d315.dictionary(<generated>) ~[classes/:na]
	at sun.reflect.NativeMethodAccessorImpl.invoke0(Native Method) ~[na:1.8.0_121]
	at sun.reflect.NativeMethodAccessorImpl.invoke(NativeMethodAccessorImpl.java:62) ~[na:1.8.0_121]
	at sun.reflect.DelegatingMethodAccessorImpl.invoke(DelegatingMethodAccessorImpl.java:43) ~[na:1.8.0_121]
	at java.lang.reflect.Method.invoke(Method.java:498) ~[na:1.8.0_121]
	at org.springframework.beans.factory.support.SimpleInstantiationStrategy.instantiate(SimpleInstantiationStrategy.java:162) ~[spring-beans-4.3.5.RELEASE.jar:4.3.5.RELEASE]
	... 19 common frames omitted

2017-04-20 19:51:27.663  INFO 6564 --- [main] social.ApplicationSocial                 : Starting ApplicationSocial on EPUAKYIW1236 with PID 6564 (C:\Users\Illya_Ivanina\workspace\SpringSocialLoginFBownTest\target\classes started by Illya_Ivanina in C:\Users\Illya_Ivanina\workspace\SpringSocialLoginFBownTest)
2017-04-20 19:51:27.666  INFO 6564 --- [main] social.ApplicationSocial                 : No active profile set, falling back to default profiles: default
2017-04-20 19:51:27.760  INFO 6564 --- [main] ationConfigEmbeddedWebApplicationContext : Refreshing org.springframework.boot.context.embedded.AnnotationConfigEmbeddedWebApplicationContext@1a5a4e19: startup date [Thu Apr 20 19:51:27 EEST 2017]; root of context hierarchy
2017-04-20 19:51:28.677  INFO 6564 --- [main] .s.d.r.c.RepositoryConfigurationDelegate : Multiple Spring Data modules found, entering strict repository configuration mode!
2017-04-20 19:51:28.734  INFO 6564 --- [main] .s.d.r.c.RepositoryConfigurationDelegate : Multiple Spring Data modules found, entering strict repository configuration mode!
2017-04-20 19:51:28.863  INFO 6564 --- [main] o.s.b.f.s.DefaultListableBeanFactory     : Overriding bean definition for bean 'transactionManager' with a different definition: replacing [Root bean: class [null]; scope=; abstract=false; lazyInit=false; autowireMode=3; dependencyCheck=0; autowireCandidate=true; primary=false; factoryBeanName=org.springframework.boot.autoconfigure.orm.jpa.HibernateJpaAutoConfiguration; factoryMethodName=transactionManager; initMethodName=null; destroyMethodName=(inferred); defined in class path resource [org/springframework/boot/autoconfigure/orm/jpa/HibernateJpaAutoConfiguration.class]] with [Root bean: class [null]; scope=; abstract=false; lazyInit=false; autowireMode=3; dependencyCheck=0; autowireCandidate=true; primary=false; factoryBeanName=org.springframework.boot.autoconfigure.data.neo4j.Neo4jDataAutoConfiguration$SpringBootNeo4jConfiguration; factoryMethodName=transactionManager; initMethodName=null; destroyMethodName=(inferred); defined in class path resource [org/springframework/boot/autoconfigure/data/neo4j/Neo4jDataAutoConfiguration$SpringBootNeo4jConfiguration.class]]
2017-04-20 19:51:28.864  INFO 6564 --- [main] o.s.b.f.s.DefaultListableBeanFactory     : Overriding bean definition for bean 'persistenceExceptionTranslationPostProcessor' with a different definition: replacing [Root bean: class [org.springframework.boot.autoconfigure.dao.PersistenceExceptionTranslationAutoConfiguration]; scope=; abstract=false; lazyInit=false; autowireMode=3; dependencyCheck=0; autowireCandidate=true; primary=false; factoryBeanName=null; factoryMethodName=persistenceExceptionTranslationPostProcessor; initMethodName=null; destroyMethodName=(inferred); defined in class path resource [org/springframework/boot/autoconfigure/dao/PersistenceExceptionTranslationAutoConfiguration.class]] with [Root bean: class [null]; scope=; abstract=false; lazyInit=false; autowireMode=3; dependencyCheck=0; autowireCandidate=true; primary=false; factoryBeanName=org.springframework.boot.autoconfigure.data.neo4j.Neo4jDataAutoConfiguration$SpringBootNeo4jConfiguration; factoryMethodName=persistenceExceptionTranslationPostProcessor; initMethodName=null; destroyMethodName=(inferred); defined in class path resource [org/springframework/boot/autoconfigure/data/neo4j/Neo4jDataAutoConfiguration$SpringBootNeo4jConfiguration.class]]
2017-04-20 19:51:29.115  INFO 6564 --- [main] f.a.AutowiredAnnotationBeanPostProcessor : JSR-330 'javax.inject.Inject' annotation found and supported for autowiring
2017-04-20 19:51:29.278  INFO 6564 --- [main] trationDelegate$BeanPostProcessorChecker : Bean 'spring.data.neo4j-org.springframework.boot.autoconfigure.data.neo4j.Neo4jProperties' of type [class org.springframework.boot.autoconfigure.data.neo4j.Neo4jProperties] is not eligible for getting processed by all BeanPostProcessors (for example: not eligible for auto-proxying)
2017-04-20 19:51:29.281  INFO 6564 --- [main] trationDelegate$BeanPostProcessorChecker : Bean 'org.springframework.boot.autoconfigure.data.neo4j.Neo4jDataAutoConfiguration' of type [class org.springframework.boot.autoconfigure.data.neo4j.Neo4jDataAutoConfiguration$$EnhancerBySpringCGLIB$$54babce9] is not eligible for getting processed by all BeanPostProcessors (for example: not eligible for auto-proxying)
2017-04-20 19:51:29.292  INFO 6564 --- [main] trationDelegate$BeanPostProcessorChecker : Bean 'configuration' of type [class org.neo4j.ogm.config.Configuration] is not eligible for getting processed by all BeanPostProcessors (for example: not eligible for auto-proxying)
2017-04-20 19:51:29.298  INFO 6564 --- [main] trationDelegate$BeanPostProcessorChecker : Bean 'org.springframework.boot.autoconfigure.data.neo4j.Neo4jDataAutoConfiguration$SpringBootNeo4jConfiguration' of type [class org.springframework.boot.autoconfigure.data.neo4j.Neo4jDataAutoConfiguration$SpringBootNeo4jConfiguration$$EnhancerBySpringCGLIB$$daed1e6] is not eligible for getting processed by all BeanPostProcessors (for example: not eligible for auto-proxying)
2017-04-20 19:51:29.299  INFO 6564 --- [main] o.s.d.neo4j.config.Neo4jConfiguration    : Initialising PersistenceExceptionTranslationPostProcessor
2017-04-20 19:51:29.338  INFO 6564 --- [main] trationDelegate$BeanPostProcessorChecker : Bean 'org.springframework.transaction.annotation.ProxyTransactionManagementConfiguration' of type [class org.springframework.transaction.annotation.ProxyTransactionManagementConfiguration$$EnhancerBySpringCGLIB$$80e069dd] is not eligible for getting processed by all BeanPostProcessors (for example: not eligible for auto-proxying)
2017-04-20 19:51:29.651  INFO 6564 --- [main] s.b.c.e.t.TomcatEmbeddedServletContainer : Tomcat initialized with port(s): 8080 (http)
2017-04-20 19:51:29.659  INFO 6564 --- [main] o.apache.catalina.core.StandardService   : Starting service Tomcat
2017-04-20 19:51:29.660  INFO 6564 --- [main] org.apache.catalina.core.StandardEngine  : Starting Servlet Engine: Apache Tomcat/8.5.6
2017-04-20 19:51:29.807  INFO 6564 --- [localhost-startStop-1] o.a.c.c.C.[Tomcat].[localhost].[/]       : Initializing Spring embedded WebApplicationContext
2017-04-20 19:51:29.808  INFO 6564 --- [localhost-startStop-1] o.s.web.context.ContextLoader            : Root WebApplicationContext: initialization completed in 2051 ms
2017-04-20 19:51:29.983  INFO 6564 --- [localhost-startStop-1] o.s.b.w.servlet.FilterRegistrationBean   : Mapping filter: 'characterEncodingFilter' to: [/*]
2017-04-20 19:51:29.984  INFO 6564 --- [localhost-startStop-1] o.s.b.w.servlet.FilterRegistrationBean   : Mapping filter: 'hiddenHttpMethodFilter' to: [/*]
2017-04-20 19:51:29.984  INFO 6564 --- [localhost-startStop-1] o.s.b.w.servlet.FilterRegistrationBean   : Mapping filter: 'httpPutFormContentFilter' to: [/*]
2017-04-20 19:51:29.984  INFO 6564 --- [localhost-startStop-1] o.s.b.w.servlet.FilterRegistrationBean   : Mapping filter: 'requestContextFilter' to: [/*]
2017-04-20 19:51:29.985  INFO 6564 --- [localhost-startStop-1] .s.DelegatingFilterProxyRegistrationBean : Mapping filter: 'springSecurityFilterChain' to: [/*]
2017-04-20 19:51:29.985  INFO 6564 --- [localhost-startStop-1] o.s.b.w.servlet.ServletRegistrationBean  : Mapping servlet: 'dispatcherServlet' to [/]
2017-04-20 19:51:30.321  INFO 6564 --- [main] j.LocalContainerEntityManagerFactoryBean : Building JPA container EntityManagerFactory for persistence unit 'default'
2017-04-20 19:51:30.331  INFO 6564 --- [main] o.hibernate.jpa.internal.util.LogHelper  : HHH000204: Processing PersistenceUnitInfo [
	name: default
	...]
2017-04-20 19:51:30.383  INFO 6564 --- [main] org.hibernate.Version                    : HHH000412: Hibernate Core {5.0.11.Final}
2017-04-20 19:51:30.385  INFO 6564 --- [main] org.hibernate.cfg.Environment            : HHH000206: hibernate.properties not found
2017-04-20 19:51:30.386  INFO 6564 --- [main] org.hibernate.cfg.Environment            : HHH000021: Bytecode provider name : javassist
2017-04-20 19:51:30.423  INFO 6564 --- [main] o.hibernate.annotations.common.Version   : HCANN000001: Hibernate Commons Annotations {5.0.1.Final}
2017-04-20 19:51:30.541  INFO 6564 --- [main] org.hibernate.dialect.Dialect            : HHH000400: Using dialect: org.hibernate.dialect.PostgreSQLDialect
2017-04-20 19:51:30.708  INFO 6564 --- [main] o.h.e.j.e.i.LobCreatorBuilderImpl        : HHH000424: Disabling contextual LOB creation as createClob() method threw error : java.lang.reflect.InvocationTargetException
2017-04-20 19:51:30.709  INFO 6564 --- [main] org.hibernate.type.BasicTypeRegistry     : HHH000270: Type registration [java.util.UUID] overrides previous : org.hibernate.type.UUIDBinaryType@16ac4d3d
2017-04-20 19:51:30.808  WARN 6564 --- [main] org.hibernate.orm.deprecation            : HHH90000014: Found use of deprecated [org.hibernate.id.SequenceHiLoGenerator] sequence-based id generator; use org.hibernate.id.enhanced.SequenceStyleGenerator instead.  See Hibernate Domain Model Mapping Guide for details.
2017-04-20 19:51:31.083  INFO 6564 --- [main] j.LocalContainerEntityManagerFactoryBean : Initialized JPA EntityManagerFactory for persistence unit 'default'
2017-04-20 19:51:32.297  INFO 6564 --- [main] b.a.s.AuthenticationManagerConfiguration : 

Using default security password: 7fc54f68-1012-449b-8807-fb2910105fda

2017-04-20 19:51:32.393  INFO 6564 --- [main] o.s.s.web.DefaultSecurityFilterChain     : Creating filter chain: org.springframework.security.web.util.matcher.AnyRequestMatcher@1, [org.springframework.security.web.context.request.async.WebAsyncManagerIntegrationFilter@3c9971af, org.springframework.security.web.context.SecurityContextPersistenceFilter@7c8689e, org.springframework.security.web.header.HeaderWriterFilter@48b9773b, org.springframework.security.web.authentication.logout.LogoutFilter@4aea57dc, org.springframework.security.web.savedrequest.RequestCacheAwareFilter@7852ab30, org.springframework.security.web.servletapi.SecurityContextHolderAwareRequestFilter@746f8520, org.springframework.security.web.authentication.AnonymousAuthenticationFilter@4abdd5e, org.springframework.security.web.session.SessionManagementFilter@11ca8f71, org.springframework.security.web.access.ExceptionTranslationFilter@22b3b5d0]
2017-04-20 19:51:32.467  INFO 6564 --- [main] o.neo4j.ogm.metadata.ClassFileProcessor  : Starting Post-processing phase
2017-04-20 19:51:32.467  INFO 6564 --- [main] o.neo4j.ogm.metadata.ClassFileProcessor  : Building annotation class map
2017-04-20 19:51:32.467  INFO 6564 --- [main] o.neo4j.ogm.metadata.ClassFileProcessor  : Building interface class map for 85 classes
2017-04-20 19:51:32.513  INFO 6564 --- [main] o.neo4j.ogm.metadata.ClassFileProcessor  : Post-processing complete
2017-04-20 19:51:32.513  INFO 6564 --- [main] o.neo4j.ogm.metadata.ClassFileProcessor  : 85 classes loaded in 76370998 nanoseconds
2017-04-20 19:51:32.518  INFO 6564 --- [main] org.neo4j.ogm.service.DriverService      : Using: [org.neo4j.ogm.drivers.embedded.driver.EmbeddedDriver]
2017-04-20 19:51:32.521  WARN 6564 --- [main] o.n.o.d.embedded.driver.EmbeddedDriver   : Creating temporary file store: file:/C:/Users/ILLYA_~1/AppData/Local/Temp/neo4j.db855725755213574817/
2017-04-20 19:51:34.195  INFO 6564 --- [main] o.s.d.neo4j.mapping.Neo4jMappingContext  : No class information found in OGM meta-data for class com.wrapper.spotify.models.ExternalUrls so treating as simple type for SD Commons
2017-04-20 19:51:34.200  WARN 6564 --- [main] o.s.d.n.mapping.Neo4jPersistentProperty  : Owning ClassInfo is null for field: null and propertyDescriptor: org.springframework.beans.GenericTypeAwarePropertyDescriptor[name=fatalEnabled]
2017-04-20 19:51:34.200  WARN 6564 --- [main] o.s.d.n.mapping.Neo4jPersistentProperty  : Owning ClassInfo is null for field: null and propertyDescriptor: org.springframework.beans.GenericTypeAwarePropertyDescriptor[name=errorEnabled]
2017-04-20 19:51:34.200  WARN 6564 --- [main] o.s.d.n.mapping.Neo4jPersistentProperty  : Owning ClassInfo is null for field: null and propertyDescriptor: org.springframework.beans.GenericTypeAwarePropertyDescriptor[name=infoEnabled]
2017-04-20 19:51:34.200  WARN 6564 --- [main] o.s.d.n.mapping.Neo4jPersistentProperty  : Owning ClassInfo is null for field: null and propertyDescriptor: org.springframework.beans.GenericTypeAwarePropertyDescriptor[name=debugEnabled]
2017-04-20 19:51:34.201  WARN 6564 --- [main] o.s.d.n.mapping.Neo4jPersistentProperty  : Owning ClassInfo is null for field: null and propertyDescriptor: org.springframework.beans.GenericTypeAwarePropertyDescriptor[name=traceEnabled]
2017-04-20 19:51:34.201  WARN 6564 --- [main] o.s.d.n.mapping.Neo4jPersistentProperty  : Owning ClassInfo is null for field: null and propertyDescriptor: org.springframework.beans.GenericTypeAwarePropertyDescriptor[name=warnEnabled]
2017-04-20 19:51:34.207  WARN 6564 --- [main] o.s.d.n.mapping.Neo4jPersistentProperty  : Owning ClassInfo is null for field: null and propertyDescriptor: org.springframework.beans.GenericTypeAwarePropertyDescriptor[name=parent]
2017-04-20 19:51:34.208  WARN 6564 --- [main] o.s.d.n.mapping.Neo4jPersistentProperty  : Owning ClassInfo is null for field: null and propertyDescriptor: org.springframework.beans.GenericTypeAwarePropertyDescriptor[name=environment]
2017-04-20 19:51:34.208  WARN 6564 --- [main] o.s.d.n.mapping.Neo4jPersistentProperty  : Owning ClassInfo is null for field: null and propertyDescriptor: org.springframework.beans.GenericTypeAwarePropertyDescriptor[name=displayName]
2017-04-20 19:51:34.208  WARN 6564 --- [main] o.s.d.n.mapping.Neo4jPersistentProperty  : Owning ClassInfo is null for field: null and propertyDescriptor: org.springframework.beans.GenericTypeAwarePropertyDescriptor[name=startupDate]
2017-04-20 19:51:34.208  WARN 6564 --- [main] o.s.d.n.mapping.Neo4jPersistentProperty  : Owning ClassInfo is null for field: null and propertyDescriptor: org.springframework.beans.GenericTypeAwarePropertyDescriptor[name=beanDefinitionCount]
2017-04-20 19:51:34.208  WARN 6564 --- [main] o.s.d.n.mapping.Neo4jPersistentProperty  : Owning ClassInfo is null for field: null and propertyDescriptor: org.springframework.beans.GenericTypeAwarePropertyDescriptor[name=autowireCapableBeanFactory]
2017-04-20 19:51:34.208  WARN 6564 --- [main] o.s.d.n.mapping.Neo4jPersistentProperty  : Owning ClassInfo is null for field: null and propertyDescriptor: org.springframework.beans.GenericTypeAwarePropertyDescriptor[name=beanDefinitionNames]
2017-04-20 19:51:34.209  WARN 6564 --- [main] o.s.d.n.mapping.Neo4jPersistentProperty  : Owning ClassInfo is null for field: null and propertyDescriptor: org.springframework.beans.GenericTypeAwarePropertyDescriptor[name=parentBeanFactory]
2017-04-20 19:51:34.209  WARN 6564 --- [main] o.s.d.n.mapping.Neo4jPersistentProperty  : Owning ClassInfo is null for field: null and propertyDescriptor: org.springframework.beans.GenericTypeAwarePropertyDescriptor[name=id]
2017-04-20 19:51:34.209  WARN 6564 --- [main] o.s.d.n.mapping.Neo4jPersistentProperty  : Owning ClassInfo is null for field: null and propertyDescriptor: org.springframework.beans.GenericTypeAwarePropertyDescriptor[name=applicationName]
2017-04-20 19:51:34.210  INFO 6564 --- [main] o.s.d.neo4j.mapping.Neo4jMappingContext  : No class information found in OGM meta-data for class org.springframework.security.config.annotation.authentication.configuration.AuthenticationConfiguration so treating as simple type for SD Commons
2017-04-20 19:51:34.210  INFO 6564 --- [main] o.s.d.neo4j.mapping.Neo4jMappingContext  : No class information found in OGM meta-data for class org.springframework.security.config.annotation.authentication.builders.AuthenticationManagerBuilder so treating as simple type for SD Commons
2017-04-20 19:51:34.211  INFO 6564 --- [main] o.s.d.neo4j.mapping.Neo4jMappingContext  : No class information found in OGM meta-data for class org.springframework.security.config.annotation.web.builders.HttpSecurity so treating as simple type for SD Commons
2017-04-20 19:51:34.227  INFO 6564 --- [main] o.s.d.neo4j.mapping.Neo4jMappingContext  : No class information found in OGM meta-data for class org.springframework.boot.autoconfigure.social.TwitterProperties so treating as simple type for SD Commons
2017-04-20 19:51:34.238  INFO 6564 --- [main] o.s.d.neo4j.mapping.Neo4jMappingContext  : No class information found in OGM meta-data for class java.lang.Number so treating as simple type for SD Commons
2017-04-20 19:51:34.264  INFO 6564 --- [main] o.s.d.neo4j.mapping.Neo4jMappingContext  : No class information found in OGM meta-data for class com.ticketmaster.api.discovery.DiscoveryApi so treating as simple type for SD Commons
2017-04-20 19:51:34.283  WARN 6564 --- [main] o.s.d.n.mapping.Neo4jPersistentProperty  : Owning ClassInfo is null for field: null and propertyDescriptor: org.springframework.beans.GenericTypeAwarePropertyDescriptor[name=parallel]
2017-04-20 19:51:34.294  INFO 6564 --- [main] o.s.d.neo4j.mapping.Neo4jMappingContext  : No class information found in OGM meta-data for class com.ticketmaster.api.discovery.response.PagedResponse so treating as simple type for SD Commons
2017-04-20 19:51:34.311  WARN 6564 --- [main] o.s.d.n.mapping.Neo4jPersistentProperty  : Owning ClassInfo is null for field: null and propertyDescriptor: org.springframework.beans.GenericTypeAwarePropertyDescriptor[name=parallel]
2017-04-20 19:51:34.315  WARN 6564 --- [main] o.s.d.n.mapping.Neo4jPersistentProperty  : Owning ClassInfo is null for field: private final java.lang.Object org.apache.commons.math3.util.Pair.key and propertyDescriptor: org.springframework.beans.GenericTypeAwarePropertyDescriptor[name=key]
2017-04-20 19:51:34.315  WARN 6564 --- [main] o.s.d.n.mapping.Neo4jPersistentProperty  : Owning ClassInfo is null for field: private final java.lang.Object org.apache.commons.math3.util.Pair.value and propertyDescriptor: org.springframework.beans.GenericTypeAwarePropertyDescriptor[name=value]
2017-04-20 19:51:34.317  WARN 6564 --- [main] o.s.d.n.mapping.Neo4jPersistentProperty  : Owning ClassInfo is null for field: null and propertyDescriptor: org.springframework.beans.GenericTypeAwarePropertyDescriptor[name=first]
2017-04-20 19:51:34.318  WARN 6564 --- [main] o.s.d.n.mapping.Neo4jPersistentProperty  : Owning ClassInfo is null for field: null and propertyDescriptor: org.springframework.beans.GenericTypeAwarePropertyDescriptor[name=second]
2017-04-20 19:51:34.320  INFO 6564 --- [main] o.s.d.neo4j.mapping.Neo4jMappingContext  : No class information found in OGM meta-data for class com.ticketmaster.discovery.model.Image so treating as simple type for SD Commons
2017-04-20 19:51:34.320  INFO 6564 --- [main] o.s.d.neo4j.mapping.Neo4jMappingContext  : No class information found in OGM meta-data for class com.ticketmaster.discovery.model.Date so treating as simple type for SD Commons
2017-04-20 19:51:34.329  WARN 6564 --- [main] o.s.d.n.mapping.Neo4jPersistentProperty  : Owning ClassInfo is null for field: null and propertyDescriptor: org.springframework.beans.GenericTypeAwarePropertyDescriptor[name=errorEnabled]
2017-04-20 19:51:34.330  WARN 6564 --- [main] o.s.d.n.mapping.Neo4jPersistentProperty  : Owning ClassInfo is null for field: null and propertyDescriptor: org.springframework.beans.GenericTypeAwarePropertyDescriptor[name=name]
2017-04-20 19:51:34.330  WARN 6564 --- [main] o.s.d.n.mapping.Neo4jPersistentProperty  : Owning ClassInfo is null for field: null and propertyDescriptor: org.springframework.beans.GenericTypeAwarePropertyDescriptor[name=infoEnabled]
2017-04-20 19:51:34.330  WARN 6564 --- [main] o.s.d.n.mapping.Neo4jPersistentProperty  : Owning ClassInfo is null for field: null and propertyDescriptor: org.springframework.beans.GenericTypeAwarePropertyDescriptor[name=debugEnabled]
2017-04-20 19:51:34.330  WARN 6564 --- [main] o.s.d.n.mapping.Neo4jPersistentProperty  : Owning ClassInfo is null for field: null and propertyDescriptor: org.springframework.beans.GenericTypeAwarePropertyDescriptor[name=traceEnabled]
2017-04-20 19:51:34.330  WARN 6564 --- [main] o.s.d.n.mapping.Neo4jPersistentProperty  : Owning ClassInfo is null for field: null and propertyDescriptor: org.springframework.beans.GenericTypeAwarePropertyDescriptor[name=warnEnabled]
2017-04-20 19:51:34.333  INFO 6564 --- [main] o.s.d.neo4j.mapping.Neo4jMappingContext  : No class information found in OGM meta-data for class com.ibm.watson.developer_cloud.natural_language_understanding.v1.NaturalLanguageUnderstanding so treating as simple type for SD Commons
2017-04-20 19:51:34.383  INFO 6564 --- [main] o.s.d.neo4j.mapping.Neo4jMappingContext  : No class information found in OGM meta-data for class com.wrapper.spotify.Api so treating as simple type for SD Commons
2017-04-20 19:51:34.384  INFO 6564 --- [main] o.s.d.neo4j.mapping.Neo4jMappingContext  : No class information found in OGM meta-data for class org.springframework.web.client.RestTemplate so treating as simple type for SD Commons
2017-04-20 19:51:34.387  WARN 6564 --- [main] o.s.d.n.mapping.Neo4jPersistentProperty  : Owning ClassInfo is null for field: null and propertyDescriptor: org.springframework.beans.GenericTypeAwarePropertyDescriptor[name=requestedSessionIdFromCookie]
2017-04-20 19:51:34.387  WARN 6564 --- [main] o.s.d.n.mapping.Neo4jPersistentProperty  : Owning ClassInfo is null for field: null and propertyDescriptor: org.springframework.beans.GenericTypeAwarePropertyDescriptor[name=contentLengthLong]
2017-04-20 19:51:34.387  WARN 6564 --- [main] o.s.d.n.mapping.Neo4jPersistentProperty  : Owning ClassInfo is null for field: null and propertyDescriptor: org.springframework.beans.GenericTypeAwarePropertyDescriptor[name=scheme]
2017-04-20 19:51:34.388  WARN 6564 --- [main] o.s.d.n.mapping.Neo4jPersistentProperty  : Owning ClassInfo is null for field: null and propertyDescriptor: org.springframework.beans.GenericTypeAwarePropertyDescriptor[name=remoteHost]
2017-04-20 19:51:34.388  WARN 6564 --- [main] o.s.d.n.mapping.Neo4jPersistentProperty  : Owning ClassInfo is null for field: null and propertyDescriptor: org.springframework.beans.GenericTypeAwarePropertyDescriptor[name=session]
2017-04-20 19:51:34.388  WARN 6564 --- [main] o.s.d.n.mapping.Neo4jPersistentProperty  : Owning ClassInfo is null for field: null and propertyDescriptor: org.springframework.beans.GenericTypeAwarePropertyDescriptor[name=reader]
2017-04-20 19:51:34.388  WARN 6564 --- [main] o.s.d.n.mapping.Neo4jPersistentProperty  : Owning ClassInfo is null for field: null and propertyDescriptor: org.springframework.beans.GenericTypeAwarePropertyDescriptor[name=asyncStarted]
2017-04-20 19:51:34.388  WARN 6564 --- [main] o.s.d.n.mapping.Neo4jPersistentProperty  : Owning ClassInfo is null for field: null and propertyDescriptor: org.springframework.beans.GenericTypeAwarePropertyDescriptor[name=serverName]
2017-04-20 19:51:34.388  WARN 6564 --- [main] o.s.d.n.mapping.Neo4jPersistentProperty  : Owning ClassInfo is null for field: null and propertyDescriptor: org.springframework.beans.GenericTypeAwarePropertyDescriptor[name=parameterNames]
2017-04-20 19:51:34.388  WARN 6564 --- [main] o.s.d.n.mapping.Neo4jPersistentProperty  : Owning ClassInfo is null for field: null and propertyDescriptor: org.springframework.beans.GenericTypeAwarePropertyDescriptor[name=requestedSessionIdValid]
2017-04-20 19:51:34.388  WARN 6564 --- [main] o.s.d.n.mapping.Neo4jPersistentProperty  : Owning ClassInfo is null for field: null and propertyDescriptor: org.springframework.beans.GenericTypeAwarePropertyDescriptor[name=locale]
2017-04-20 19:51:34.388  WARN 6564 --- [main] o.s.d.n.mapping.Neo4jPersistentProperty  : Owning ClassInfo is null for field: null and propertyDescriptor: org.springframework.beans.GenericTypeAwarePropertyDescriptor[name=secure]
2017-04-20 19:51:34.388  WARN 6564 --- [main] o.s.d.n.mapping.Neo4jPersistentProperty  : Owning ClassInfo is null for field: null and propertyDescriptor: org.springframework.beans.GenericTypeAwarePropertyDescriptor[name=serverPort]
2017-04-20 19:51:34.388  WARN 6564 --- [main] o.s.d.n.mapping.Neo4jPersistentProperty  : Owning ClassInfo is null for field: null and propertyDescriptor: org.springframework.beans.GenericTypeAwarePropertyDescriptor[name=cookies]
2017-04-20 19:51:34.388  WARN 6564 --- [main] o.s.d.n.mapping.Neo4jPersistentProperty  : Owning ClassInfo is null for field: null and propertyDescriptor: org.springframework.beans.GenericTypeAwarePropertyDescriptor[name=protocol]
2017-04-20 19:51:34.390  WARN 6564 --- [main] o.s.d.n.mapping.Neo4jPersistentProperty  : Owning ClassInfo is null for field: null and propertyDescriptor: org.springframework.beans.GenericTypeAwarePropertyDescriptor[name=attributeNames]
2017-04-20 19:51:34.390  WARN 6564 --- [main] o.s.d.n.mapping.Neo4jPersistentProperty  : Owning ClassInfo is null for field: null and propertyDescriptor: org.springframework.beans.GenericTypeAwarePropertyDescriptor[name=requestURL]
2017-04-20 19:51:34.390  WARN 6564 --- [main] o.s.d.n.mapping.Neo4jPersistentProperty  : Owning ClassInfo is null for field: null and propertyDescriptor: org.springframework.beans.GenericTypeAwarePropertyDescriptor[name=asyncSupported]
2017-04-20 19:51:34.390  WARN 6564 --- [main] o.s.d.n.mapping.Neo4jPersistentProperty  : Owning ClassInfo is null for field: null and propertyDescriptor: org.springframework.beans.GenericTypeAwarePropertyDescriptor[name=requestedSessionId]
2017-04-20 19:51:34.390  WARN 6564 --- [main] o.s.d.n.mapping.Neo4jPersistentProperty  : Owning ClassInfo is null for field: null and propertyDescriptor: org.springframework.beans.GenericTypeAwarePropertyDescriptor[name=authType]
2017-04-20 19:51:34.390  WARN 6564 --- [main] o.s.d.n.mapping.Neo4jPersistentProperty  : Owning ClassInfo is null for field: null and propertyDescriptor: org.springframework.beans.GenericTypeAwarePropertyDescriptor[name=requestedSessionIdFromURL]
2017-04-20 19:51:34.390  WARN 6564 --- [main] o.s.d.n.mapping.Neo4jPersistentProperty  : Owning ClassInfo is null for field: null and propertyDescriptor: org.springframework.beans.GenericTypeAwarePropertyDescriptor[name=requestedSessionIdFromUrl]
2017-04-20 19:51:34.390  WARN 6564 --- [main] o.s.d.n.mapping.Neo4jPersistentProperty  : Owning ClassInfo is null for field: null and propertyDescriptor: org.springframework.beans.GenericTypeAwarePropertyDescriptor[name=contentType]
2017-04-20 19:51:34.390  WARN 6564 --- [main] o.s.d.n.mapping.Neo4jPersistentProperty  : Owning ClassInfo is null for field: null and propertyDescriptor: org.springframework.beans.GenericTypeAwarePropertyDescriptor[name=localAddr]
2017-04-20 19:51:34.390  WARN 6564 --- [main] o.s.d.n.mapping.Neo4jPersistentProperty  : Owning ClassInfo is null for field: null and propertyDescriptor: org.springframework.beans.GenericTypeAwarePropertyDescriptor[name=parameterMap]
2017-04-20 19:51:34.390  WARN 6564 --- [main] o.s.d.n.mapping.Neo4jPersistentProperty  : Owning ClassInfo is null for field: null and propertyDescriptor: org.springframework.beans.GenericTypeAwarePropertyDescriptor[name=pathTranslated]
2017-04-20 19:51:34.390  WARN 6564 --- [main] o.s.d.n.mapping.Neo4jPersistentProperty  : Owning ClassInfo is null for field: null and propertyDescriptor: org.springframework.beans.GenericTypeAwarePropertyDescriptor[name=remoteAddr]
2017-04-20 19:51:34.390  WARN 6564 --- [main] o.s.d.n.mapping.Neo4jPersistentProperty  : Owning ClassInfo is null for field: null and propertyDescriptor: org.springframework.beans.GenericTypeAwarePropertyDescriptor[name=remoteUser]
2017-04-20 19:51:34.390  WARN 6564 --- [main] o.s.d.n.mapping.Neo4jPersistentProperty  : Owning ClassInfo is null for field: null and propertyDescriptor: org.springframework.beans.GenericTypeAwarePropertyDescriptor[name=method]
2017-04-20 19:51:34.390  WARN 6564 --- [main] o.s.d.n.mapping.Neo4jPersistentProperty  : Owning ClassInfo is null for field: null and propertyDescriptor: org.springframework.beans.GenericTypeAwarePropertyDescriptor[name=localPort]
2017-04-20 19:51:34.392  WARN 6564 --- [main] o.s.d.n.mapping.Neo4jPersistentProperty  : Owning ClassInfo is null for field: null and propertyDescriptor: org.springframework.beans.GenericTypeAwarePropertyDescriptor[name=servletContext]
2017-04-20 19:51:34.392  WARN 6564 --- [main] o.s.d.n.mapping.Neo4jPersistentProperty  : Owning ClassInfo is null for field: null and propertyDescriptor: org.springframework.beans.GenericTypeAwarePropertyDescriptor[name=headerNames]
2017-04-20 19:51:34.392  WARN 6564 --- [main] o.s.d.n.mapping.Neo4jPersistentProperty  : Owning ClassInfo is null for field: null and propertyDescriptor: org.springframework.beans.GenericTypeAwarePropertyDescriptor[name=contextPath]
2017-04-20 19:51:34.392  WARN 6564 --- [main] o.s.d.n.mapping.Neo4jPersistentProperty  : Owning ClassInfo is null for field: null and propertyDescriptor: org.springframework.beans.GenericTypeAwarePropertyDescriptor[name=remotePort]
2017-04-20 19:51:34.392  WARN 6564 --- [main] o.s.d.n.mapping.Neo4jPersistentProperty  : Owning ClassInfo is null for field: null and propertyDescriptor: org.springframework.beans.GenericTypeAwarePropertyDescriptor[name=inputStream]
2017-04-20 19:51:34.392  WARN 6564 --- [main] o.s.d.n.mapping.Neo4jPersistentProperty  : Owning ClassInfo is null for field: null and propertyDescriptor: org.springframework.beans.GenericTypeAwarePropertyDescriptor[name=requestURI]
2017-04-20 19:51:34.392  WARN 6564 --- [main] o.s.d.n.mapping.Neo4jPersistentProperty  : Owning ClassInfo is null for field: null and propertyDescriptor: org.springframework.beans.GenericTypeAwarePropertyDescriptor[name=queryString]
2017-04-20 19:51:34.392  WARN 6564 --- [main] o.s.d.n.mapping.Neo4jPersistentProperty  : Owning ClassInfo is null for field: null and propertyDescriptor: org.springframework.beans.GenericTypeAwarePropertyDescriptor[name=userPrincipal]
2017-04-20 19:51:34.392  WARN 6564 --- [main] o.s.d.n.mapping.Neo4jPersistentProperty  : Owning ClassInfo is null for field: null and propertyDescriptor: org.springframework.beans.GenericTypeAwarePropertyDescriptor[name=localName]
2017-04-20 19:51:34.392  WARN 6564 --- [main] o.s.d.n.mapping.Neo4jPersistentProperty  : Owning ClassInfo is null for field: null and propertyDescriptor: org.springframework.beans.GenericTypeAwarePropertyDescriptor[name=locales]
2017-04-20 19:51:34.392  WARN 6564 --- [main] o.s.d.n.mapping.Neo4jPersistentProperty  : Owning ClassInfo is null for field: null and propertyDescriptor: org.springframework.beans.GenericTypeAwarePropertyDescriptor[name=servletPath]
2017-04-20 19:51:34.392  WARN 6564 --- [main] o.s.d.n.mapping.Neo4jPersistentProperty  : Owning ClassInfo is null for field: null and propertyDescriptor: org.springframework.beans.GenericTypeAwarePropertyDescriptor[name=dispatcherType]
2017-04-20 19:51:34.392  WARN 6564 --- [main] o.s.d.n.mapping.Neo4jPersistentProperty  : Owning ClassInfo is null for field: null and propertyDescriptor: org.springframework.beans.GenericTypeAwarePropertyDescriptor[name=parts]
2017-04-20 19:51:34.393  WARN 6564 --- [main] o.s.d.n.mapping.Neo4jPersistentProperty  : Owning ClassInfo is null for field: null and propertyDescriptor: org.springframework.beans.GenericTypeAwarePropertyDescriptor[name=contentLength]
2017-04-20 19:51:34.393  WARN 6564 --- [main] o.s.d.n.mapping.Neo4jPersistentProperty  : Owning ClassInfo is null for field: null and propertyDescriptor: org.springframework.beans.GenericTypeAwarePropertyDescriptor[name=characterEncoding]
2017-04-20 19:51:34.393  WARN 6564 --- [main] o.s.d.n.mapping.Neo4jPersistentProperty  : Owning ClassInfo is null for field: null and propertyDescriptor: org.springframework.beans.GenericTypeAwarePropertyDescriptor[name=pathInfo]
2017-04-20 19:51:34.393  WARN 6564 --- [main] o.s.d.n.mapping.Neo4jPersistentProperty  : Owning ClassInfo is null for field: null and propertyDescriptor: org.springframework.beans.GenericTypeAwarePropertyDescriptor[name=asyncContext]
2017-04-20 19:51:34.397  WARN 6564 --- [main] o.s.d.n.mapping.Neo4jPersistentProperty  : Owning ClassInfo is null for field: null and propertyDescriptor: org.springframework.beans.GenericTypeAwarePropertyDescriptor[name=committed]
2017-04-20 19:51:34.397  WARN 6564 --- [main] o.s.d.n.mapping.Neo4jPersistentProperty  : Owning ClassInfo is null for field: null and propertyDescriptor: org.springframework.beans.GenericTypeAwarePropertyDescriptor[name=contentLengthLong]
2017-04-20 19:51:34.397  WARN 6564 --- [main] o.s.d.n.mapping.Neo4jPersistentProperty  : Owning ClassInfo is null for field: null and propertyDescriptor: org.springframework.beans.GenericTypeAwarePropertyDescriptor[name=headerNames]
2017-04-20 19:51:34.397  WARN 6564 --- [main] o.s.d.n.mapping.Neo4jPersistentProperty  : Owning ClassInfo is null for field: null and propertyDescriptor: org.springframework.beans.GenericTypeAwarePropertyDescriptor[name=contentLength]
2017-04-20 19:51:34.397  WARN 6564 --- [main] o.s.d.n.mapping.Neo4jPersistentProperty  : Owning ClassInfo is null for field: null and propertyDescriptor: org.springframework.beans.GenericTypeAwarePropertyDescriptor[name=outputStream]
2017-04-20 19:51:34.397  WARN 6564 --- [main] o.s.d.n.mapping.Neo4jPersistentProperty  : Owning ClassInfo is null for field: null and propertyDescriptor: org.springframework.beans.GenericTypeAwarePropertyDescriptor[name=writer]
2017-04-20 19:51:34.397  WARN 6564 --- [main] o.s.d.n.mapping.Neo4jPersistentProperty  : Owning ClassInfo is null for field: null and propertyDescriptor: org.springframework.beans.GenericTypeAwarePropertyDescriptor[name=characterEncoding]
2017-04-20 19:51:34.397  WARN 6564 --- [main] o.s.d.n.mapping.Neo4jPersistentProperty  : Owning ClassInfo is null for field: null and propertyDescriptor: org.springframework.beans.GenericTypeAwarePropertyDescriptor[name=locale]
2017-04-20 19:51:34.397  WARN 6564 --- [main] o.s.d.n.mapping.Neo4jPersistentProperty  : Owning ClassInfo is null for field: null and propertyDescriptor: org.springframework.beans.GenericTypeAwarePropertyDescriptor[name=contentType]
2017-04-20 19:51:34.397  WARN 6564 --- [main] o.s.d.n.mapping.Neo4jPersistentProperty  : Owning ClassInfo is null for field: null and propertyDescriptor: org.springframework.beans.GenericTypeAwarePropertyDescriptor[name=status]
2017-04-20 19:51:34.398  WARN 6564 --- [main] o.s.d.n.mapping.Neo4jPersistentProperty  : Owning ClassInfo is null for field: null and propertyDescriptor: org.springframework.beans.GenericTypeAwarePropertyDescriptor[name=bufferSize]
2017-04-20 19:51:34.449  INFO 6564 --- [main] o.s.d.neo4j.mapping.Neo4jMappingContext  : No class information found in OGM meta-data for class org.springframework.social.connect.web.ConnectSupport so treating as simple type for SD Commons
2017-04-20 19:51:34.449  INFO 6564 --- [main] o.s.d.neo4j.mapping.Neo4jMappingContext  : No class information found in OGM meta-data for class org.springframework.web.util.UrlPathHelper so treating as simple type for SD Commons
2017-04-20 19:51:34.503  WARN 6564 --- [main] o.s.d.n.mapping.Neo4jPersistentProperty  : Owning ClassInfo is null for field: null and propertyDescriptor: org.springframework.beans.GenericTypeAwarePropertyDescriptor[name=applicationNamespace]
2017-04-20 19:51:34.503  WARN 6564 --- [main] o.s.d.n.mapping.Neo4jPersistentProperty  : Owning ClassInfo is null for field: null and propertyDescriptor: org.springframework.beans.GenericTypeAwarePropertyDescriptor[name=baseGraphApiUrl]
2017-04-20 19:51:34.504  WARN 6564 --- [main] o.s.d.n.mapping.Neo4jPersistentProperty  : Owning ClassInfo is null for field: null and propertyDescriptor: org.springframework.beans.GenericTypeAwarePropertyDescriptor[name=authorized]
2017-04-20 19:51:34.508  INFO 6564 --- [main] o.s.d.neo4j.mapping.Neo4jMappingContext  : Neo4jMappingContext initialisation completed
2017-04-20 19:51:34.650  INFO 6564 --- [main] s.w.s.m.m.a.RequestMappingHandlerAdapter : Looking for @ControllerAdvice: org.springframework.boot.context.embedded.AnnotationConfigEmbeddedWebApplicationContext@1a5a4e19: startup date [Thu Apr 20 19:51:27 EEST 2017]; root of context hierarchy
2017-04-20 19:51:34.719  INFO 6564 --- [main] s.w.s.m.m.a.RequestMappingHandlerMapping : Mapped "{[/api/fb/authentication],methods=[GET]}" onto social.entity.domain.FbUser social.controller.FbAuthenticationController.getCurrentFbUser()
2017-04-20 19:51:34.722  INFO 6564 --- [main] s.w.s.m.m.a.RequestMappingHandlerMapping : Mapped "{[/api/recommendations],methods=[GET]}" onto public social.model.RecommendResponse social.controller.RecommendationResource.getRecommendations(javax.servlet.http.HttpServletRequest)
2017-04-20 19:51:34.727  INFO 6564 --- [main] s.w.s.m.m.a.RequestMappingHandlerMapping : Mapped "{[/connect/{providerId}],methods=[POST]}" onto public org.springframework.web.servlet.view.RedirectView org.springframework.social.connect.web.ConnectController.connect(java.lang.String,org.springframework.web.context.request.NativeWebRequest)
2017-04-20 19:51:34.727  INFO 6564 --- [main] s.w.s.m.m.a.RequestMappingHandlerMapping : Mapped "{[/connect/{providerId}],methods=[DELETE]}" onto public org.springframework.web.servlet.view.RedirectView org.springframework.social.connect.web.ConnectController.removeConnections(java.lang.String,org.springframework.web.context.request.NativeWebRequest)
2017-04-20 19:51:34.727  INFO 6564 --- [main] s.w.s.m.m.a.RequestMappingHandlerMapping : Mapped "{[/connect/{providerId}/{providerUserId}],methods=[DELETE]}" onto public org.springframework.web.servlet.view.RedirectView org.springframework.social.connect.web.ConnectController.removeConnection(java.lang.String,java.lang.String,org.springframework.web.context.request.NativeWebRequest)
2017-04-20 19:51:34.727  INFO 6564 --- [main] s.w.s.m.m.a.RequestMappingHandlerMapping : Mapped "{[/connect/{providerId}],methods=[GET],params=[error]}" onto public org.springframework.web.servlet.view.RedirectView org.springframework.social.connect.web.ConnectController.oauth2ErrorCallback(java.lang.String,java.lang.String,java.lang.String,java.lang.String,org.springframework.web.context.request.NativeWebRequest)
2017-04-20 19:51:34.727  INFO 6564 --- [main] s.w.s.m.m.a.RequestMappingHandlerMapping : Mapped "{[/connect/{providerId}],methods=[GET]}" onto public java.lang.String org.springframework.social.connect.web.ConnectController.connectionStatus(java.lang.String,org.springframework.web.context.request.NativeWebRequest,org.springframework.ui.Model)
2017-04-20 19:51:34.727  INFO 6564 --- [main] s.w.s.m.m.a.RequestMappingHandlerMapping : Mapped "{[/connect],methods=[GET]}" onto public java.lang.String org.springframework.social.connect.web.ConnectController.connectionStatus(org.springframework.web.context.request.NativeWebRequest,org.springframework.ui.Model)
2017-04-20 19:51:34.727  INFO 6564 --- [main] s.w.s.m.m.a.RequestMappingHandlerMapping : Mapped "{[/connect/{providerId}],methods=[GET],params=[oauth_token]}" onto public org.springframework.web.servlet.view.RedirectView org.springframework.social.connect.web.ConnectController.oauth1Callback(java.lang.String,org.springframework.web.context.request.NativeWebRequest)
2017-04-20 19:51:34.727  INFO 6564 --- [main] s.w.s.m.m.a.RequestMappingHandlerMapping : Mapped "{[/connect/{providerId}],methods=[GET],params=[code]}" onto public org.springframework.web.servlet.view.RedirectView org.springframework.social.connect.web.ConnectController.oauth2Callback(java.lang.String,org.springframework.web.context.request.NativeWebRequest)
2017-04-20 19:51:34.728  INFO 6564 --- [main] s.w.s.m.m.a.RequestMappingHandlerMapping : Mapped "{[/api/users],methods=[GET]}" onto public social.model.UserProfile social.controller.UserResource.getCurrentUserProfile()
2017-04-20 19:51:34.730  INFO 6564 --- [main] s.w.s.m.m.a.RequestMappingHandlerMapping : Mapped "{[/error]}" onto public org.springframework.http.ResponseEntity<java.util.Map<java.lang.String, java.lang.Object>> org.springframework.boot.autoconfigure.web.BasicErrorController.error(javax.servlet.http.HttpServletRequest)
2017-04-20 19:51:34.730  INFO 6564 --- [main] s.w.s.m.m.a.RequestMappingHandlerMapping : Mapped "{[/error],produces=[text/html]}" onto public org.springframework.web.servlet.ModelAndView org.springframework.boot.autoconfigure.web.BasicErrorController.errorHtml(javax.servlet.http.HttpServletRequest,javax.servlet.http.HttpServletResponse)
2017-04-20 19:51:34.775  INFO 6564 --- [main] o.s.w.s.handler.SimpleUrlHandlerMapping  : Mapped URL path [/webjars/**] onto handler of type [class org.springframework.web.servlet.resource.ResourceHttpRequestHandler]
2017-04-20 19:51:34.775  INFO 6564 --- [main] o.s.w.s.handler.SimpleUrlHandlerMapping  : Mapped URL path [/**] onto handler of type [class org.springframework.web.servlet.resource.ResourceHttpRequestHandler]
2017-04-20 19:51:34.823  INFO 6564 --- [main] o.s.w.s.handler.SimpleUrlHandlerMapping  : Mapped URL path [/**/favicon.ico] onto handler of type [class org.springframework.web.servlet.resource.ResourceHttpRequestHandler]
2017-04-20 19:51:34.846  INFO 6564 --- [main] oConfiguration$WelcomePageHandlerMapping : Adding welcome page: class path resource [static/index.html]
2017-04-20 19:51:34.939  INFO 6564 --- [main] o.s.d.neo4j.config.Neo4jConfiguration    : Initialising Neo4jTransactionManager
2017-04-20 19:51:34.948  INFO 6564 --- [main] o.s.d.neo4j.config.Neo4jConfiguration    : Initialising Neo4jSession
2017-04-20 19:51:34.963  INFO 6564 --- [main] o.s.d.neo4j.config.Neo4jConfiguration    : Initialising PersistenceExceptionTranslator
2017-04-20 19:51:34.966  INFO 6564 --- [main] o.s.d.neo4j.config.Neo4jConfiguration    : Initialising PersistenceExceptionTranslationInterceptor
2017-04-20 19:51:35.239  INFO 6564 --- [main] o.s.j.e.a.AnnotationMBeanExporter        : Registering beans for JMX exposure on startup
2017-04-20 19:51:35.284  INFO 6564 --- [main] s.b.c.e.t.TomcatEmbeddedServletContainer : Tomcat started on port(s): 8080 (http)
2017-04-20 19:51:35.289  INFO 6564 --- [main] social.ApplicationSocial                 : Started ApplicationSocial in 7.999 seconds (JVM running for 8.666)
2017-04-20 19:51:48.046  INFO 6564 --- [http-nio-8080-exec-1] o.a.c.c.C.[Tomcat].[localhost].[/]       : Initializing Spring FrameworkServlet 'dispatcherServlet'
2017-04-20 19:51:48.046  INFO 6564 --- [http-nio-8080-exec-1] o.s.web.servlet.DispatcherServlet        : FrameworkServlet 'dispatcherServlet': initialization started
2017-04-20 19:51:48.065  INFO 6564 --- [http-nio-8080-exec-1] o.s.web.servlet.DispatcherServlet        : FrameworkServlet 'dispatcherServlet': initialization completed in 19 ms
2017-04-20 19:51:48.114  INFO 6564 --- [http-nio-8080-exec-1] o.h.h.i.QueryTranslatorFactoryInitiator  : HHH000397: Using ASTQueryTranslatorFactory
2017-04-20 19:51:48.242 ERROR 6564 --- [http-nio-8080-exec-1] o.a.c.c.C.[.[.[/].[dispatcherServlet]    : Servlet.service() for servlet [dispatcherServlet] in context with path [] threw exception [Request processing failed; nested exception is org.springframework.dao.InvalidDataAccessApiUsageException: No EntityManager with actual transaction available for current thread - cannot reliably process 'merge' call; nested exception is javax.persistence.TransactionRequiredException: No EntityManager with actual transaction available for current thread - cannot reliably process 'merge' call] with root cause

javax.persistence.TransactionRequiredException: No EntityManager with actual transaction available for current thread - cannot reliably process 'merge' call
	at org.springframework.orm.jpa.SharedEntityManagerCreator$SharedEntityManagerInvocationHandler.invoke(SharedEntityManagerCreator.java:282) ~[spring-orm-4.3.5.RELEASE.jar:4.3.5.RELEASE]
	at com.sun.proxy.$Proxy101.merge(Unknown Source) ~[na:na]
	at org.springframework.data.jpa.repository.support.SimpleJpaRepository.save(SimpleJpaRepository.java:509) ~[spring-data-jpa-1.10.6.RELEASE.jar:na]
	at sun.reflect.NativeMethodAccessorImpl.invoke0(Native Method) ~[na:1.8.0_121]
	at sun.reflect.NativeMethodAccessorImpl.invoke(NativeMethodAccessorImpl.java:62) ~[na:1.8.0_121]
	at sun.reflect.DelegatingMethodAccessorImpl.invoke(DelegatingMethodAccessorImpl.java:43) ~[na:1.8.0_121]
	at java.lang.reflect.Method.invoke(Method.java:498) ~[na:1.8.0_121]
	at org.springframework.data.repository.core.support.RepositoryFactorySupport$QueryExecutorMethodInterceptor.executeMethodOn(RepositoryFactorySupport.java:503) ~[spring-data-commons-1.12.6.RELEASE.jar:na]
	at org.springframework.data.repository.core.support.RepositoryFactorySupport$QueryExecutorMethodInterceptor.doInvoke(RepositoryFactorySupport.java:488) ~[spring-data-commons-1.12.6.RELEASE.jar:na]
	at org.springframework.data.repository.core.support.RepositoryFactorySupport$QueryExecutorMethodInterceptor.invoke(RepositoryFactorySupport.java:460) ~[spring-data-commons-1.12.6.RELEASE.jar:na]
	at org.springframework.aop.framework.ReflectiveMethodInvocation.proceed(ReflectiveMethodInvocation.java:179) ~[spring-aop-4.3.5.RELEASE.jar:4.3.5.RELEASE]
	at org.springframework.data.projection.DefaultMethodInvokingMethodInterceptor.invoke(DefaultMethodInvokingMethodInterceptor.java:61) ~[spring-data-commons-1.12.6.RELEASE.jar:na]
	at org.springframework.aop.framework.ReflectiveMethodInvocation.proceed(ReflectiveMethodInvocation.java:179) ~[spring-aop-4.3.5.RELEASE.jar:4.3.5.RELEASE]
	at org.springframework.transaction.interceptor.TransactionInterceptor$1.proceedWithInvocation(TransactionInterceptor.java:99) ~[spring-tx-4.3.5.RELEASE.jar:4.3.5.RELEASE]
	at org.springframework.transaction.interceptor.TransactionAspectSupport.invokeWithinTransaction(TransactionAspectSupport.java:282) ~[spring-tx-4.3.5.RELEASE.jar:4.3.5.RELEASE]
	at org.springframework.transaction.interceptor.TransactionInterceptor.invoke(TransactionInterceptor.java:96) ~[spring-tx-4.3.5.RELEASE.jar:4.3.5.RELEASE]
	at org.springframework.aop.framework.ReflectiveMethodInvocation.proceed(ReflectiveMethodInvocation.java:179) ~[spring-aop-4.3.5.RELEASE.jar:4.3.5.RELEASE]
	at org.springframework.dao.support.PersistenceExceptionTranslationInterceptor.invoke(PersistenceExceptionTranslationInterceptor.java:136) ~[spring-tx-4.3.5.RELEASE.jar:4.3.5.RELEASE]
	at org.springframework.aop.framework.ReflectiveMethodInvocation.proceed(ReflectiveMethodInvocation.java:179) ~[spring-aop-4.3.5.RELEASE.jar:4.3.5.RELEASE]
	at org.springframework.data.jpa.repository.support.CrudMethodMetadataPostProcessor$CrudMethodMetadataPopulatingMethodInterceptor.invoke(CrudMethodMetadataPostProcessor.java:133) ~[spring-data-jpa-1.10.6.RELEASE.jar:na]
	at org.springframework.aop.framework.ReflectiveMethodInvocation.proceed(ReflectiveMethodInvocation.java:179) ~[spring-aop-4.3.5.RELEASE.jar:4.3.5.RELEASE]
	at org.springframework.aop.interceptor.ExposeInvocationInterceptor.invoke(ExposeInvocationInterceptor.java:92) ~[spring-aop-4.3.5.RELEASE.jar:4.3.5.RELEASE]
	at org.springframework.aop.framework.ReflectiveMethodInvocation.proceed(ReflectiveMethodInvocation.java:179) ~[spring-aop-4.3.5.RELEASE.jar:4.3.5.RELEASE]
	at org.springframework.aop.framework.JdkDynamicAopProxy.invoke(JdkDynamicAopProxy.java:213) ~[spring-aop-4.3.5.RELEASE.jar:4.3.5.RELEASE]
	at com.sun.proxy.$Proxy103.save(Unknown Source) ~[na:na]
	at social.controller.FbAuthenticationController.getCurrentFbUser(FbAuthenticationController.java:39) ~[classes/:na]
	at sun.reflect.NativeMethodAccessorImpl.invoke0(Native Method) ~[na:1.8.0_121]
	at sun.reflect.NativeMethodAccessorImpl.invoke(NativeMethodAccessorImpl.java:62) ~[na:1.8.0_121]
	at sun.reflect.DelegatingMethodAccessorImpl.invoke(DelegatingMethodAccessorImpl.java:43) ~[na:1.8.0_121]
	at java.lang.reflect.Method.invoke(Method.java:498) ~[na:1.8.0_121]
	at org.springframework.web.method.support.InvocableHandlerMethod.doInvoke(InvocableHandlerMethod.java:220) ~[spring-web-4.3.5.RELEASE.jar:4.3.5.RELEASE]
	at org.springframework.web.method.support.InvocableHandlerMethod.invokeForRequest(InvocableHandlerMethod.java:134) ~[spring-web-4.3.5.RELEASE.jar:4.3.5.RELEASE]
	at org.springframework.web.servlet.mvc.method.annotation.ServletInvocableHandlerMethod.invokeAndHandle(ServletInvocableHandlerMethod.java:116) ~[spring-webmvc-4.3.5.RELEASE.jar:4.3.5.RELEASE]
	at org.springframework.web.servlet.mvc.method.annotation.RequestMappingHandlerAdapter.invokeHandlerMethod(RequestMappingHandlerAdapter.java:827) ~[spring-webmvc-4.3.5.RELEASE.jar:4.3.5.RELEASE]
	at org.springframework.web.servlet.mvc.method.annotation.RequestMappingHandlerAdapter.handleInternal(RequestMappingHandlerAdapter.java:738) ~[spring-webmvc-4.3.5.RELEASE.jar:4.3.5.RELEASE]
	at org.springframework.web.servlet.mvc.method.AbstractHandlerMethodAdapter.handle(AbstractHandlerMethodAdapter.java:85) ~[spring-webmvc-4.3.5.RELEASE.jar:4.3.5.RELEASE]
	at org.springframework.web.servlet.DispatcherServlet.doDispatch(DispatcherServlet.java:963) ~[spring-webmvc-4.3.5.RELEASE.jar:4.3.5.RELEASE]
	at org.springframework.web.servlet.DispatcherServlet.doService(DispatcherServlet.java:897) ~[spring-webmvc-4.3.5.RELEASE.jar:4.3.5.RELEASE]
	at org.springframework.web.servlet.FrameworkServlet.processRequest(FrameworkServlet.java:970) ~[spring-webmvc-4.3.5.RELEASE.jar:4.3.5.RELEASE]
	at org.springframework.web.servlet.FrameworkServlet.doGet(FrameworkServlet.java:861) ~[spring-webmvc-4.3.5.RELEASE.jar:4.3.5.RELEASE]
	at javax.servlet.http.HttpServlet.service(HttpServlet.java:622) ~[tomcat-embed-core-8.5.6.jar:8.5.6]
	at org.springframework.web.servlet.FrameworkServlet.service(FrameworkServlet.java:846) ~[spring-webmvc-4.3.5.RELEASE.jar:4.3.5.RELEASE]
	at javax.servlet.http.HttpServlet.service(HttpServlet.java:729) ~[tomcat-embed-core-8.5.6.jar:8.5.6]
	at org.apache.catalina.core.ApplicationFilterChain.internalDoFilter(ApplicationFilterChain.java:230) ~[tomcat-embed-core-8.5.6.jar:8.5.6]
	at org.apache.catalina.core.ApplicationFilterChain.doFilter(ApplicationFilterChain.java:165) ~[tomcat-embed-core-8.5.6.jar:8.5.6]
	at org.apache.tomcat.websocket.server.WsFilter.doFilter(WsFilter.java:52) ~[tomcat-embed-websocket-8.5.6.jar:8.5.6]
	at org.apache.catalina.core.ApplicationFilterChain.internalDoFilter(ApplicationFilterChain.java:192) ~[tomcat-embed-core-8.5.6.jar:8.5.6]
	at org.apache.catalina.core.ApplicationFilterChain.doFilter(ApplicationFilterChain.java:165) ~[tomcat-embed-core-8.5.6.jar:8.5.6]
	at org.springframework.security.web.FilterChainProxy$VirtualFilterChain.doFilter(FilterChainProxy.java:317) ~[spring-security-web-4.1.4.RELEASE.jar:4.1.4.RELEASE]
	at org.springframework.security.web.access.ExceptionTranslationFilter.doFilter(ExceptionTranslationFilter.java:115) ~[spring-security-web-4.1.4.RELEASE.jar:4.1.4.RELEASE]
	at org.springframework.security.web.FilterChainProxy$VirtualFilterChain.doFilter(FilterChainProxy.java:331) ~[spring-security-web-4.1.4.RELEASE.jar:4.1.4.RELEASE]
	at org.springframework.security.web.session.SessionManagementFilter.doFilter(SessionManagementFilter.java:137) ~[spring-security-web-4.1.4.RELEASE.jar:4.1.4.RELEASE]
	at org.springframework.security.web.FilterChainProxy$VirtualFilterChain.doFilter(FilterChainProxy.java:331) ~[spring-security-web-4.1.4.RELEASE.jar:4.1.4.RELEASE]
	at org.springframework.security.web.authentication.AnonymousAuthenticationFilter.doFilter(AnonymousAuthenticationFilter.java:111) ~[spring-security-web-4.1.4.RELEASE.jar:4.1.4.RELEASE]
	at org.springframework.security.web.FilterChainProxy$VirtualFilterChain.doFilter(FilterChainProxy.java:331) ~[spring-security-web-4.1.4.RELEASE.jar:4.1.4.RELEASE]
	at org.springframework.security.web.servletapi.SecurityContextHolderAwareRequestFilter.doFilter(SecurityContextHolderAwareRequestFilter.java:169) ~[spring-security-web-4.1.4.RELEASE.jar:4.1.4.RELEASE]
	at org.springframework.security.web.FilterChainProxy$VirtualFilterChain.doFilter(FilterChainProxy.java:331) ~[spring-security-web-4.1.4.RELEASE.jar:4.1.4.RELEASE]
	at org.springframework.security.web.savedrequest.RequestCacheAwareFilter.doFilter(RequestCacheAwareFilter.java:63) ~[spring-security-web-4.1.4.RELEASE.jar:4.1.4.RELEASE]
	at org.springframework.security.web.FilterChainProxy$VirtualFilterChain.doFilter(FilterChainProxy.java:331) ~[spring-security-web-4.1.4.RELEASE.jar:4.1.4.RELEASE]
	at org.springframework.security.web.authentication.logout.LogoutFilter.doFilter(LogoutFilter.java:121) ~[spring-security-web-4.1.4.RELEASE.jar:4.1.4.RELEASE]
	at org.springframework.security.web.FilterChainProxy$VirtualFilterChain.doFilter(FilterChainProxy.java:331) ~[spring-security-web-4.1.4.RELEASE.jar:4.1.4.RELEASE]
	at org.springframework.security.web.header.HeaderWriterFilter.doFilterInternal(HeaderWriterFilter.java:66) ~[spring-security-web-4.1.4.RELEASE.jar:4.1.4.RELEASE]
	at org.springframework.web.filter.OncePerRequestFilter.doFilter(OncePerRequestFilter.java:107) ~[spring-web-4.3.5.RELEASE.jar:4.3.5.RELEASE]
	at org.springframework.security.web.FilterChainProxy$VirtualFilterChain.doFilter(FilterChainProxy.java:331) ~[spring-security-web-4.1.4.RELEASE.jar:4.1.4.RELEASE]
	at org.springframework.security.web.context.SecurityContextPersistenceFilter.doFilter(SecurityContextPersistenceFilter.java:105) ~[spring-security-web-4.1.4.RELEASE.jar:4.1.4.RELEASE]
	at org.springframework.security.web.FilterChainProxy$VirtualFilterChain.doFilter(FilterChainProxy.java:331) ~[spring-security-web-4.1.4.RELEASE.jar:4.1.4.RELEASE]
	at org.springframework.security.web.context.request.async.WebAsyncManagerIntegrationFilter.doFilterInternal(WebAsyncManagerIntegrationFilter.java:56) ~[spring-security-web-4.1.4.RELEASE.jar:4.1.4.RELEASE]
	at org.springframework.web.filter.OncePerRequestFilter.doFilter(OncePerRequestFilter.java:107) ~[spring-web-4.3.5.RELEASE.jar:4.3.5.RELEASE]
	at org.springframework.security.web.FilterChainProxy$VirtualFilterChain.doFilter(FilterChainProxy.java:331) ~[spring-security-web-4.1.4.RELEASE.jar:4.1.4.RELEASE]
	at org.springframework.security.web.FilterChainProxy.doFilterInternal(FilterChainProxy.java:214) ~[spring-security-web-4.1.4.RELEASE.jar:4.1.4.RELEASE]
	at org.springframework.security.web.FilterChainProxy.doFilter(FilterChainProxy.java:177) ~[spring-security-web-4.1.4.RELEASE.jar:4.1.4.RELEASE]
	at org.springframework.web.filter.DelegatingFilterProxy.invokeDelegate(DelegatingFilterProxy.java:346) ~[spring-web-4.3.5.RELEASE.jar:4.3.5.RELEASE]
	at org.springframework.web.filter.DelegatingFilterProxy.doFilter(DelegatingFilterProxy.java:262) ~[spring-web-4.3.5.RELEASE.jar:4.3.5.RELEASE]
	at org.apache.catalina.core.ApplicationFilterChain.internalDoFilter(ApplicationFilterChain.java:192) ~[tomcat-embed-core-8.5.6.jar:8.5.6]
	at org.apache.catalina.core.ApplicationFilterChain.doFilter(ApplicationFilterChain.java:165) ~[tomcat-embed-core-8.5.6.jar:8.5.6]
	at org.springframework.web.filter.RequestContextFilter.doFilterInternal(RequestContextFilter.java:99) ~[spring-web-4.3.5.RELEASE.jar:4.3.5.RELEASE]
	at org.springframework.web.filter.OncePerRequestFilter.doFilter(OncePerRequestFilter.java:107) ~[spring-web-4.3.5.RELEASE.jar:4.3.5.RELEASE]
	at org.apache.catalina.core.ApplicationFilterChain.internalDoFilter(ApplicationFilterChain.java:192) ~[tomcat-embed-core-8.5.6.jar:8.5.6]
	at org.apache.catalina.core.ApplicationFilterChain.doFilter(ApplicationFilterChain.java:165) ~[tomcat-embed-core-8.5.6.jar:8.5.6]
	at org.springframework.web.filter.HttpPutFormContentFilter.doFilterInternal(HttpPutFormContentFilter.java:89) ~[spring-web-4.3.5.RELEASE.jar:4.3.5.RELEASE]
	at org.springframework.web.filter.OncePerRequestFilter.doFilter(OncePerRequestFilter.java:107) ~[spring-web-4.3.5.RELEASE.jar:4.3.5.RELEASE]
	at org.apache.catalina.core.ApplicationFilterChain.internalDoFilter(ApplicationFilterChain.java:192) ~[tomcat-embed-core-8.5.6.jar:8.5.6]
	at org.apache.catalina.core.ApplicationFilterChain.doFilter(ApplicationFilterChain.java:165) ~[tomcat-embed-core-8.5.6.jar:8.5.6]
	at org.springframework.web.filter.HiddenHttpMethodFilter.doFilterInternal(HiddenHttpMethodFilter.java:77) ~[spring-web-4.3.5.RELEASE.jar:4.3.5.RELEASE]
	at org.springframework.web.filter.OncePerRequestFilter.doFilter(OncePerRequestFilter.java:107) ~[spring-web-4.3.5.RELEASE.jar:4.3.5.RELEASE]
	at org.apache.catalina.core.ApplicationFilterChain.internalDoFilter(ApplicationFilterChain.java:192) ~[tomcat-embed-core-8.5.6.jar:8.5.6]
	at org.apache.catalina.core.ApplicationFilterChain.doFilter(ApplicationFilterChain.java:165) ~[tomcat-embed-core-8.5.6.jar:8.5.6]
	at org.springframework.web.filter.CharacterEncodingFilter.doFilterInternal(CharacterEncodingFilter.java:197) ~[spring-web-4.3.5.RELEASE.jar:4.3.5.RELEASE]
	at org.springframework.web.filter.OncePerRequestFilter.doFilter(OncePerRequestFilter.java:107) ~[spring-web-4.3.5.RELEASE.jar:4.3.5.RELEASE]
	at org.apache.catalina.core.ApplicationFilterChain.internalDoFilter(ApplicationFilterChain.java:192) ~[tomcat-embed-core-8.5.6.jar:8.5.6]
	at org.apache.catalina.core.ApplicationFilterChain.doFilter(ApplicationFilterChain.java:165) ~[tomcat-embed-core-8.5.6.jar:8.5.6]
	at org.apache.catalina.core.StandardWrapperValve.invoke(StandardWrapperValve.java:198) ~[tomcat-embed-core-8.5.6.jar:8.5.6]
	at org.apache.catalina.core.StandardContextValve.invoke(StandardContextValve.java:108) [tomcat-embed-core-8.5.6.jar:8.5.6]
	at org.apache.catalina.authenticator.AuthenticatorBase.invoke(AuthenticatorBase.java:472) [tomcat-embed-core-8.5.6.jar:8.5.6]
	at org.apache.catalina.core.StandardHostValve.invoke(StandardHostValve.java:140) [tomcat-embed-core-8.5.6.jar:8.5.6]
	at org.apache.catalina.valves.ErrorReportValve.invoke(ErrorReportValve.java:79) [tomcat-embed-core-8.5.6.jar:8.5.6]
	at org.apache.catalina.core.StandardEngineValve.invoke(StandardEngineValve.java:87) [tomcat-embed-core-8.5.6.jar:8.5.6]
	at org.apache.catalina.connector.CoyoteAdapter.service(CoyoteAdapter.java:349) [tomcat-embed-core-8.5.6.jar:8.5.6]
	at org.apache.coyote.http11.Http11Processor.service(Http11Processor.java:784) [tomcat-embed-core-8.5.6.jar:8.5.6]
	at org.apache.coyote.AbstractProcessorLight.process(AbstractProcessorLight.java:66) [tomcat-embed-core-8.5.6.jar:8.5.6]
	at org.apache.coyote.AbstractProtocol$ConnectionHandler.process(AbstractProtocol.java:802) [tomcat-embed-core-8.5.6.jar:8.5.6]
	at org.apache.tomcat.util.net.NioEndpoint$SocketProcessor.doRun(NioEndpoint.java:1410) [tomcat-embed-core-8.5.6.jar:8.5.6]
	at org.apache.tomcat.util.net.SocketProcessorBase.run(SocketProcessorBase.java:49) [tomcat-embed-core-8.5.6.jar:8.5.6]
	at java.util.concurrent.ThreadPoolExecutor.runWorker(ThreadPoolExecutor.java:1142) [na:1.8.0_121]
	at java.util.concurrent.ThreadPoolExecutor$Worker.run(ThreadPoolExecutor.java:617) [na:1.8.0_121]
	at org.apache.tomcat.util.threads.TaskThread$WrappingRunnable.run(TaskThread.java:61) [tomcat-embed-core-8.5.6.jar:8.5.6]
	at java.lang.Thread.run(Thread.java:745) [na:1.8.0_121]

